0 info it worked if it ends with ok
1 verbose cli [ '/home/ubuntu/.nvm/versions/node/v0.12.10/bin/node',
1 verbose cli   '/home/ubuntu/.nvm/versions/node/v0.12.10/bin/npm',
1 verbose cli   'version',
1 verbose cli   'minor' ]
2 info using npm@2.14.9
3 info using node@v0.12.10
4 info git [ 'status', '--porcelain' ]
5 verbose stack Error: Git working directory not clean.
5 verbose stack D npm-debug.log
5 verbose stack     at /home/ubuntu/.nvm/versions/node/v0.12.10/lib/node_modules/npm/lib/version.js:171:21
5 verbose stack     at ChildProcess.exithandler (child_process.js:742:7)
5 verbose stack     at ChildProcess.emit (events.js:110:17)
5 verbose stack     at maybeClose (child_process.js:1016:16)
5 verbose stack     at Socket.<anonymous> (child_process.js:1184:11)
5 verbose stack     at Socket.emit (events.js:107:17)
5 verbose stack     at Pipe.close (net.js:484:11)
6 verbose cwd /home/ubuntu/workspace/ss_NEW/node_modules/express-hotmods
7 error Linux 4.2.0-c9
8 error argv "/home/ubuntu/.nvm/versions/node/v0.12.10/bin/node" "/home/ubuntu/.nvm/versions/node/v0.12.10/bin/npm" "version" "minor"
9 error node v0.12.10
10 error npm  v2.14.9
11 error Git working directory not clean.
11 error D npm-debug.log
12 error If you need help, you may report this error at:
12 error     <https://github.com/npm/npm/issues>
13 verbose exit [ 1, true ]
